
> booking-service@1.0.0 start:dev /home/bayajidswe/My-files/my-projects/jatra-railway/apps/booking-service
> ts-node-dev -r tsconfig-paths/register --respawn --transpile-only src/main.ts

[INFO] 13:19:10 ts-node-dev ver. 2.0.0 (using ts-node ver. 10.9.2, typescript ver. 5.9.3)
Error: Cannot find module '@jatra/common/interfaces'
Require stack:
- /home/bayajidswe/My-files/my-projects/jatra-railway/apps/booking-service/src/common/rabbitmq.service.ts
- /home/bayajidswe/My-files/my-projects/jatra-railway/apps/booking-service/src/bookings/bookings.service.ts
- /home/bayajidswe/My-files/my-projects/jatra-railway/apps/booking-service/src/bookings/bookings.controller.ts
- /home/bayajidswe/My-files/my-projects/jatra-railway/apps/booking-service/src/bookings/bookings.module.ts
- /home/bayajidswe/My-files/my-projects/jatra-railway/apps/booking-service/src/app.module.ts
- /home/bayajidswe/My-files/my-projects/jatra-railway/apps/booking-service/src/main.ts
    at Function.Module._resolveFilename (node:internal/modules/cjs/loader:1212:15)
    at Function.Module._resolveFilename (/home/bayajidswe/My-files/my-projects/jatra-railway/node_modules/.pnpm/tsconfig-paths@4.2.0/node_modules/tsconfig-paths/src/register.ts:115:36)
    at Function.Module._load (node:internal/modules/cjs/loader:1043:27)
    at Module.require (node:internal/modules/cjs/loader:1298:19)
    at require (node:internal/modules/helpers:182:18)
    at Object.<anonymous> (/home/bayajidswe/My-files/my-projects/jatra-railway/apps/booking-service/src/common/rabbitmq.service.ts:4:1)
    at Module._compile (node:internal/modules/cjs/loader:1529:14)
    at Module._compile (/home/bayajidswe/My-files/my-projects/jatra-railway/node_modules/.pnpm/source-map-support@0.5.21/node_modules/source-map-support/source-map-support.js:568:25)
    at Module.m._compile (/tmp/ts-node-dev-hook-5950345433090529.js:69:33)
    at Module._extensions..js (node:internal/modules/cjs/loader:1613:10)
[ERROR] 13:19:10 Error: Cannot find module '@jatra/common/interfaces'
Require stack:
- /home/bayajidswe/My-files/my-projects/jatra-railway/apps/booking-service/src/common/rabbitmq.service.ts
- /home/bayajidswe/My-files/my-projects/jatra-railway/apps/booking-service/src/bookings/bookings.service.ts
- /home/bayajidswe/My-files/my-projects/jatra-railway/apps/booking-service/src/bookings/bookings.controller.ts
- /home/bayajidswe/My-files/my-projects/jatra-railway/apps/booking-service/src/bookings/bookings.module.ts
- /home/bayajidswe/My-files/my-projects/jatra-railway/apps/booking-service/src/app.module.ts
- /home/bayajidswe/My-files/my-projects/jatra-railway/apps/booking-service/src/main.ts
 ELIFECYCLE  Command failed.
 WARN   Local package.json exists, but node_modules missing, did you mean to install?
