
> notification-service@1.0.0 start:dev /home/bayajidswe/My-files/my-projects/jatra-railway/apps/notification-service
> ts-node-dev -r tsconfig-paths/register --respawn --transpile-only src/main.ts

[INFO] 13:19:16 ts-node-dev ver. 2.0.0 (using ts-node ver. 10.9.2, typescript ver. 5.9.3)
[32m[Nest] 708215  - [39m11/28/2025, 1:19:17 PM [32m    LOG[39m [38;5;3m[NestFactory] [39m[32mStarting Nest application...[39m
[32m[Nest] 708215  - [39m11/28/2025, 1:19:17 PM [32m    LOG[39m [38;5;3m[InstanceLoader] [39m[32mAppModule dependencies initialized[39m[38;5;3m +10ms[39m
[32m[Nest] 708215  - [39m11/28/2025, 1:19:17 PM [32m    LOG[39m [38;5;3m[InstanceLoader] [39m[32mConfigHostModule dependencies initialized[39m[38;5;3m +0ms[39m
[33m[Nest] 708215  - [39m11/28/2025, 1:19:17 PM [33m   WARN[39m [38;5;3m[EmailService] [39m[33m⚠️  SMTP credentials not configured. Email sending is disabled.[39m
[33m[Nest] 708215  - [39m11/28/2025, 1:19:17 PM [33m   WARN[39m [38;5;3m[EmailService] [39m[33mTo enable emails, configure SMTP_USER and SMTP_PASS in .env file[39m
[32m[Nest] 708215  - [39m11/28/2025, 1:19:17 PM [32m    LOG[39m [38;5;3m[InstanceLoader] [39m[32mConfigModule dependencies initialized[39m[38;5;3m +0ms[39m
[32m[Nest] 708215  - [39m11/28/2025, 1:19:17 PM [32m    LOG[39m [38;5;3m[InstanceLoader] [39m[32mEmailModule dependencies initialized[39m[38;5;3m +0ms[39m
[32m[Nest] 708215  - [39m11/28/2025, 1:19:17 PM [32m    LOG[39m [38;5;3m[InstanceLoader] [39m[32mRabbitMQModule dependencies initialized[39m[38;5;3m +1ms[39m
[32m[Nest] 708215  - [39m11/28/2025, 1:19:17 PM [32m    LOG[39m [38;5;3m[InstanceLoader] [39m[32mNotificationsModule dependencies initialized[39m[38;5;3m +0ms[39m
[32m[Nest] 708215  - [39m11/28/2025, 1:19:17 PM [32m    LOG[39m [38;5;3m[RoutesResolver] [39m[32mNotificationsController {/notifications}:[39m[38;5;3m +9ms[39m
[32m[Nest] 708215  - [39m11/28/2025, 1:19:17 PM [32m    LOG[39m [38;5;3m[RouterExplorer] [39m[32mMapped {/notifications, POST} route[39m[38;5;3m +2ms[39m
[32m[Nest] 708215  - [39m11/28/2025, 1:19:17 PM [32m    LOG[39m [38;5;3m[RouterExplorer] [39m[32mMapped {/notifications/user/:userId, GET} route[39m[38;5;3m +0ms[39m
[32m[Nest] 708215  - [39m11/28/2025, 1:19:17 PM [32m    LOG[39m [38;5;3m[RouterExplorer] [39m[32mMapped {/notifications/user/:userId/stats, GET} route[39m[38;5;3m +0ms[39m
[32m[Nest] 708215  - [39m11/28/2025, 1:19:17 PM [32m    LOG[39m [38;5;3m[RouterExplorer] [39m[32mMapped {/notifications/:id, GET} route[39m[38;5;3m +0ms[39m
[32m[Nest] 708215  - [39m11/28/2025, 1:19:17 PM [32m    LOG[39m [38;5;3m[RouterExplorer] [39m[32mMapped {/notifications/:id/resend, POST} route[39m[38;5;3m +1ms[39m
[32m[Nest] 708215  - [39m11/28/2025, 1:19:17 PM [32m    LOG[39m [38;5;3m[RabbitMQConsumerService] [39m[32m✅ Connected to RabbitMQ and listening on queue: notification.events[39m
[32m[Nest] 708215  - [39m11/28/2025, 1:19:17 PM [32m    LOG[39m [38;5;3m[NestApplication] [39m[32mNest application successfully started[39m[38;5;3m +44ms[39m
📧 Notification Service is running on: http://localhost:3007
📚 Swagger docs available at: http://localhost:3007/api/docs
 ELIFECYCLE  Command failed.
 WARN   Local package.json exists, but node_modules missing, did you mean to install?
